Cnine log opened on Mon Feb 24 16:24:03 2025

Cnine log opened on Mon Feb 24 16:24:03 2025


Cnine log closed after 1.607961 seconds.
----------------------------------------------------------------------


Cnine log closed after 1.610162 seconds.
----------------------------------------------------------------------

Cnine log opened on Tue Feb 25 14:56:36 2025

Cnine log opened on Tue Feb 25 14:56:36 2025


Cnine log closed after 1.483356 seconds.
----------------------------------------------------------------------


Cnine log closed after 1.490615 seconds.
----------------------------------------------------------------------

Cnine log opened on Tue Feb 25 15:02:10 2025

Cnine log opened on Tue Feb 25 15:02:10 2025


Cnine log closed after 0.907032 seconds.
----------------------------------------------------------------------


Cnine log closed after 0.908969 seconds.
----------------------------------------------------------------------

Cnine log opened on Tue Feb 25 15:02:18 2025

Cnine log opened on Tue Feb 25 15:02:18 2025


Cnine log closed after 1.206331 seconds.
----------------------------------------------------------------------


Cnine log closed after 1.208923 seconds.
----------------------------------------------------------------------

Cnine log opened on Tue Feb 25 15:04:37 2025

Cnine log opened on Tue Feb 25 15:04:37 2025


Cnine log closed after 0.948434 seconds.
----------------------------------------------------------------------


Cnine log closed after 0.951835 seconds.
----------------------------------------------------------------------

Cnine log opened on Tue Feb 25 15:04:43 2025

Cnine log opened on Tue Feb 25 15:04:43 2025


Cnine log closed after 1.122578 seconds.
----------------------------------------------------------------------


Cnine log closed after 1.125195 seconds.
----------------------------------------------------------------------

Cnine log opened on Tue Feb 25 15:07:28 2025

Cnine log opened on Tue Feb 25 15:07:28 2025


Cnine log closed after 0.921146 seconds.
----------------------------------------------------------------------


Cnine log closed after 0.922883 seconds.
----------------------------------------------------------------------

Cnine log opened on Tue Feb 25 15:07:33 2025

Cnine log opened on Tue Feb 25 15:07:33 2025


Cnine log closed after 1.028443 seconds.
----------------------------------------------------------------------


Cnine log closed after 1.030446 seconds.
----------------------------------------------------------------------

Cnine log opened on Tue Feb 25 15:08:19 2025

Cnine log opened on Tue Feb 25 15:08:19 2025


Cnine log closed after 1.148003 seconds.
----------------------------------------------------------------------


Cnine log closed after 1.151634 seconds.
----------------------------------------------------------------------

Cnine log opened on Tue Feb 25 15:20:13 2025


Cnine log closed after 0.304048 seconds.
----------------------------------------------------------------------

Cnine log opened on Tue Feb 25 15:22:01 2025

Cnine log opened on Tue Feb 25 15:25:07 2025

Cnine log opened on Tue Feb 25 15:25:07 2025

Cnine log opened on Tue Feb 25 15:31:56 2025

Cnine log opened on Tue Feb 25 15:31:56 2025

Cnine log opened on Tue Feb 25 15:32:17 2025

Cnine log opened on Tue Feb 25 15:32:17 2025

Cnine log opened on Tue Feb 25 15:36:44 2025

Cnine log opened on Tue Feb 25 15:36:44 2025

Cnine log opened on Tue Feb 25 15:37:50 2025

Cnine log opened on Tue Feb 25 15:37:50 2025


Cnine log closed after 60.177408 seconds.
----------------------------------------------------------------------


Cnine log closed after 60.183118 seconds.
----------------------------------------------------------------------

Cnine log opened on Tue Feb 25 15:52:39 2025

Cnine log opened on Tue Feb 25 15:52:39 2025


Cnine log closed after 0.941296 seconds.
----------------------------------------------------------------------


Cnine log closed after 0.945260 seconds.
----------------------------------------------------------------------

Cnine log opened on Tue Feb 25 15:52:41 2025

Cnine log opened on Tue Feb 25 15:52:41 2025


Cnine log closed after 0.568735 seconds.
----------------------------------------------------------------------


Cnine log closed after 0.572031 seconds.
----------------------------------------------------------------------

Cnine log opened on Tue Feb 25 15:52:42 2025

Cnine log opened on Tue Feb 25 15:52:42 2025


Cnine log closed after 0.564830 seconds.
----------------------------------------------------------------------


Cnine log closed after 0.567914 seconds.
----------------------------------------------------------------------

Cnine log opened on Tue Feb 25 15:52:44 2025

Cnine log opened on Tue Feb 25 15:52:44 2025

Cnine log opened on Tue Feb 25 15:55:20 2025

Cnine log opened on Tue Feb 25 15:55:20 2025


Cnine log closed after 0.621545 seconds.
----------------------------------------------------------------------


Cnine log closed after 0.625078 seconds.
----------------------------------------------------------------------

Cnine log opened on Tue Feb 25 15:55:21 2025

Cnine log opened on Tue Feb 25 15:55:21 2025


Cnine log closed after 0.635359 seconds.
----------------------------------------------------------------------


Cnine log closed after 0.639025 seconds.
----------------------------------------------------------------------

Cnine log opened on Tue Feb 25 15:55:23 2025

Cnine log opened on Tue Feb 25 15:55:23 2025

Cnine log opened on Tue Feb 25 15:57:10 2025

Cnine log opened on Tue Feb 25 15:57:10 2025


Cnine log closed after 0.774920 seconds.
----------------------------------------------------------------------


Cnine log closed after 0.779091 seconds.
----------------------------------------------------------------------

Cnine log opened on Tue Feb 25 15:57:12 2025

Cnine log opened on Tue Feb 25 15:57:12 2025


Cnine log closed after 0.650669 seconds.
----------------------------------------------------------------------


Cnine log closed after 0.654208 seconds.
----------------------------------------------------------------------

Cnine log opened on Tue Feb 25 15:57:13 2025

Cnine log opened on Tue Feb 25 15:57:13 2025


Cnine log closed after 0.640916 seconds.
----------------------------------------------------------------------


Cnine log closed after 0.644040 seconds.
----------------------------------------------------------------------

Cnine log opened on Tue Feb 25 15:57:15 2025

Cnine log opened on Tue Feb 25 15:57:15 2025


Cnine log closed after 0.684425 seconds.
----------------------------------------------------------------------


Cnine log closed after 0.688223 seconds.
----------------------------------------------------------------------

Cnine log opened on Tue Feb 25 15:57:17 2025

Cnine log opened on Tue Feb 25 15:57:17 2025


Cnine log closed after 0.692841 seconds.
----------------------------------------------------------------------


Cnine log closed after 0.696155 seconds.
----------------------------------------------------------------------

Cnine log opened on Tue Feb 25 15:57:18 2025

Cnine log opened on Tue Feb 25 15:57:18 2025


Cnine log closed after 0.689230 seconds.
----------------------------------------------------------------------


Cnine log closed after 0.692722 seconds.
----------------------------------------------------------------------

Cnine log opened on Tue Feb 25 15:57:20 2025

Cnine log opened on Tue Feb 25 15:57:20 2025


Cnine log closed after 0.702358 seconds.
----------------------------------------------------------------------


Cnine log closed after 0.705578 seconds.
----------------------------------------------------------------------

Cnine log opened on Tue Feb 25 15:57:22 2025

Cnine log opened on Tue Feb 25 15:57:22 2025


Cnine log closed after 0.767153 seconds.
----------------------------------------------------------------------


Cnine log closed after 0.770815 seconds.
----------------------------------------------------------------------

Cnine log opened on Tue Feb 25 15:57:23 2025

Cnine log opened on Tue Feb 25 15:57:23 2025


Cnine log closed after 0.753164 seconds.
----------------------------------------------------------------------


Cnine log closed after 0.757189 seconds.
----------------------------------------------------------------------

Cnine log opened on Tue Feb 25 15:57:25 2025

Cnine log opened on Tue Feb 25 15:57:25 2025


Cnine log closed after 0.751498 seconds.
----------------------------------------------------------------------


Cnine log closed after 0.754927 seconds.
----------------------------------------------------------------------

Cnine log opened on Tue Feb 25 15:57:27 2025

Cnine log opened on Tue Feb 25 15:57:27 2025


Cnine log closed after 0.775273 seconds.
----------------------------------------------------------------------


Cnine log closed after 0.778895 seconds.
----------------------------------------------------------------------

Cnine log opened on Tue Feb 25 15:57:29 2025

Cnine log opened on Tue Feb 25 15:57:29 2025


Cnine log closed after 0.737080 seconds.
----------------------------------------------------------------------


Cnine log closed after 0.740879 seconds.
----------------------------------------------------------------------

Cnine log opened on Tue Feb 25 15:57:31 2025

Cnine log opened on Tue Feb 25 15:57:31 2025


Cnine log closed after 0.703991 seconds.
----------------------------------------------------------------------


Cnine log closed after 0.707247 seconds.
----------------------------------------------------------------------

Cnine log opened on Tue Feb 25 15:57:32 2025

Cnine log opened on Tue Feb 25 15:57:32 2025


Cnine log closed after 0.719503 seconds.
----------------------------------------------------------------------


Cnine log closed after 0.722931 seconds.
----------------------------------------------------------------------

Cnine log opened on Tue Feb 25 15:57:34 2025

Cnine log opened on Tue Feb 25 15:57:34 2025


Cnine log closed after 0.707695 seconds.
----------------------------------------------------------------------


Cnine log closed after 0.710906 seconds.
----------------------------------------------------------------------

Cnine log opened on Tue Feb 25 15:57:36 2025

Cnine log opened on Tue Feb 25 15:57:36 2025


Cnine log closed after 0.690290 seconds.
----------------------------------------------------------------------


Cnine log closed after 0.693920 seconds.
----------------------------------------------------------------------

Cnine log opened on Tue Feb 25 15:57:38 2025

Cnine log opened on Tue Feb 25 15:57:38 2025


Cnine log closed after 0.744801 seconds.
----------------------------------------------------------------------


Cnine log closed after 0.748325 seconds.
----------------------------------------------------------------------

Cnine log opened on Tue Feb 25 15:57:39 2025

Cnine log opened on Tue Feb 25 15:57:39 2025


Cnine log closed after 0.794254 seconds.
----------------------------------------------------------------------


Cnine log closed after 0.798612 seconds.
----------------------------------------------------------------------

Cnine log opened on Tue Feb 25 15:57:41 2025

Cnine log opened on Tue Feb 25 15:57:41 2025


Cnine log closed after 0.753440 seconds.
----------------------------------------------------------------------


Cnine log closed after 0.757181 seconds.
----------------------------------------------------------------------

Cnine log opened on Tue Feb 25 15:57:43 2025

Cnine log opened on Tue Feb 25 15:57:43 2025


Cnine log closed after 0.692628 seconds.
----------------------------------------------------------------------


Cnine log closed after 0.696795 seconds.
----------------------------------------------------------------------

Cnine log opened on Tue Feb 25 15:57:45 2025

Cnine log opened on Tue Feb 25 15:57:45 2025


Cnine log closed after 0.705192 seconds.
----------------------------------------------------------------------


Cnine log closed after 0.708437 seconds.
----------------------------------------------------------------------

Cnine log opened on Tue Feb 25 15:57:47 2025

Cnine log opened on Tue Feb 25 15:57:47 2025


Cnine log closed after 0.698637 seconds.
----------------------------------------------------------------------


Cnine log closed after 0.702309 seconds.
----------------------------------------------------------------------

Cnine log opened on Tue Feb 25 15:57:48 2025

Cnine log opened on Tue Feb 25 15:57:48 2025


Cnine log closed after 0.692607 seconds.
----------------------------------------------------------------------


Cnine log closed after 0.695836 seconds.
----------------------------------------------------------------------

Cnine log opened on Tue Feb 25 15:57:50 2025

Cnine log opened on Tue Feb 25 15:57:50 2025


Cnine log closed after 0.696982 seconds.
----------------------------------------------------------------------


Cnine log closed after 0.700441 seconds.
----------------------------------------------------------------------

Cnine log opened on Tue Feb 25 15:57:52 2025

Cnine log opened on Tue Feb 25 15:57:52 2025


Cnine log closed after 0.700558 seconds.
----------------------------------------------------------------------


Cnine log closed after 0.704120 seconds.
----------------------------------------------------------------------

Cnine log opened on Tue Feb 25 15:57:53 2025

Cnine log opened on Tue Feb 25 15:57:53 2025


Cnine log closed after 0.704288 seconds.
----------------------------------------------------------------------


Cnine log closed after 0.707806 seconds.
----------------------------------------------------------------------

Cnine log opened on Tue Feb 25 15:57:55 2025

Cnine log opened on Tue Feb 25 15:57:55 2025


Cnine log closed after 0.722105 seconds.
----------------------------------------------------------------------


Cnine log closed after 0.725801 seconds.
----------------------------------------------------------------------

Cnine log opened on Tue Feb 25 15:57:57 2025

Cnine log opened on Tue Feb 25 15:57:57 2025


Cnine log closed after 0.666827 seconds.
----------------------------------------------------------------------


Cnine log closed after 0.670639 seconds.
----------------------------------------------------------------------

Cnine log opened on Tue Feb 25 15:57:59 2025

Cnine log opened on Tue Feb 25 15:57:59 2025


Cnine log closed after 0.714607 seconds.
----------------------------------------------------------------------


Cnine log closed after 0.718401 seconds.
----------------------------------------------------------------------

Cnine log opened on Tue Feb 25 15:58:00 2025

Cnine log opened on Tue Feb 25 15:58:00 2025


Cnine log closed after 0.746560 seconds.
----------------------------------------------------------------------


Cnine log closed after 0.750037 seconds.
----------------------------------------------------------------------

Cnine log opened on Tue Feb 25 15:58:02 2025

Cnine log opened on Tue Feb 25 15:58:02 2025


Cnine log closed after 0.699993 seconds.
----------------------------------------------------------------------


Cnine log closed after 0.703422 seconds.
----------------------------------------------------------------------

Cnine log opened on Tue Feb 25 15:58:04 2025

Cnine log opened on Tue Feb 25 15:58:04 2025


Cnine log closed after 0.715492 seconds.
----------------------------------------------------------------------


Cnine log closed after 0.719446 seconds.
----------------------------------------------------------------------

Cnine log opened on Tue Feb 25 15:58:06 2025

Cnine log opened on Tue Feb 25 15:58:06 2025


Cnine log closed after 0.704808 seconds.
----------------------------------------------------------------------


Cnine log closed after 0.708361 seconds.
----------------------------------------------------------------------

Cnine log opened on Tue Feb 25 15:58:07 2025

Cnine log opened on Tue Feb 25 15:58:07 2025


Cnine log closed after 0.687768 seconds.
----------------------------------------------------------------------


Cnine log closed after 0.691031 seconds.
----------------------------------------------------------------------

Cnine log opened on Tue Feb 25 15:58:09 2025

Cnine log opened on Tue Feb 25 15:58:09 2025


Cnine log closed after 0.697194 seconds.
----------------------------------------------------------------------


Cnine log closed after 0.700499 seconds.
----------------------------------------------------------------------

Cnine log opened on Tue Feb 25 15:58:11 2025

Cnine log opened on Tue Feb 25 15:58:11 2025


Cnine log closed after 0.696641 seconds.
----------------------------------------------------------------------


Cnine log closed after 0.700326 seconds.
----------------------------------------------------------------------

Cnine log opened on Tue Feb 25 15:58:12 2025

Cnine log opened on Tue Feb 25 15:58:12 2025


Cnine log closed after 0.744846 seconds.
----------------------------------------------------------------------


Cnine log closed after 0.748006 seconds.
----------------------------------------------------------------------

Cnine log opened on Tue Feb 25 15:58:14 2025

Cnine log opened on Tue Feb 25 15:58:14 2025


Cnine log closed after 0.765869 seconds.
----------------------------------------------------------------------


Cnine log closed after 0.769650 seconds.
----------------------------------------------------------------------

Cnine log opened on Tue Feb 25 15:58:16 2025

Cnine log opened on Tue Feb 25 15:58:16 2025


Cnine log closed after 0.696306 seconds.
----------------------------------------------------------------------


Cnine log closed after 0.701334 seconds.
----------------------------------------------------------------------

Cnine log opened on Tue Feb 25 15:58:18 2025

Cnine log opened on Tue Feb 25 15:58:18 2025


Cnine log closed after 0.772817 seconds.
----------------------------------------------------------------------


Cnine log closed after 0.776348 seconds.
----------------------------------------------------------------------

Cnine log opened on Tue Feb 25 15:58:20 2025

Cnine log opened on Tue Feb 25 15:58:20 2025


Cnine log closed after 0.671471 seconds.
----------------------------------------------------------------------


Cnine log closed after 0.675723 seconds.
----------------------------------------------------------------------

Cnine log opened on Tue Feb 25 15:58:21 2025

Cnine log opened on Tue Feb 25 15:58:21 2025


Cnine log closed after 0.745107 seconds.
----------------------------------------------------------------------


Cnine log closed after 0.748551 seconds.
----------------------------------------------------------------------

Cnine log opened on Tue Feb 25 15:58:23 2025

Cnine log opened on Tue Feb 25 15:58:23 2025


Cnine log closed after 0.679581 seconds.
----------------------------------------------------------------------


Cnine log closed after 0.682972 seconds.
----------------------------------------------------------------------

Cnine log opened on Tue Feb 25 15:58:25 2025

Cnine log opened on Tue Feb 25 15:58:25 2025


Cnine log closed after 0.677976 seconds.
----------------------------------------------------------------------


Cnine log closed after 0.681337 seconds.
----------------------------------------------------------------------

Cnine log opened on Tue Feb 25 15:58:26 2025

Cnine log opened on Tue Feb 25 15:58:26 2025


Cnine log closed after 0.748789 seconds.
----------------------------------------------------------------------


Cnine log closed after 0.752429 seconds.
----------------------------------------------------------------------

Cnine log opened on Tue Feb 25 15:58:28 2025

Cnine log opened on Tue Feb 25 15:58:28 2025

Cnine log opened on Tue Feb 25 15:59:54 2025

Cnine log opened on Tue Feb 25 15:59:54 2025


Cnine log closed after 1.036276 seconds.
----------------------------------------------------------------------


Cnine log closed after 1.042612 seconds.
----------------------------------------------------------------------

Cnine log opened on Tue Feb 25 15:59:56 2025

Cnine log opened on Tue Feb 25 15:59:56 2025


Cnine log closed after 0.658224 seconds.
----------------------------------------------------------------------


Cnine log closed after 0.661571 seconds.
----------------------------------------------------------------------

Cnine log opened on Tue Feb 25 15:59:57 2025

Cnine log opened on Tue Feb 25 15:59:57 2025


Cnine log closed after 0.646159 seconds.
----------------------------------------------------------------------


Cnine log closed after 0.649458 seconds.
----------------------------------------------------------------------

Cnine log opened on Tue Feb 25 15:59:59 2025

Cnine log opened on Tue Feb 25 15:59:59 2025


Cnine log closed after 0.695151 seconds.
----------------------------------------------------------------------


Cnine log closed after 0.698618 seconds.
----------------------------------------------------------------------

Cnine log opened on Tue Feb 25 16:00:01 2025

Cnine log opened on Tue Feb 25 16:00:01 2025


Cnine log closed after 0.699386 seconds.
----------------------------------------------------------------------


Cnine log closed after 0.702871 seconds.
----------------------------------------------------------------------

Cnine log opened on Tue Feb 25 16:00:02 2025

Cnine log opened on Tue Feb 25 16:00:02 2025


Cnine log closed after 0.696211 seconds.
----------------------------------------------------------------------


Cnine log closed after 0.699755 seconds.
----------------------------------------------------------------------

Cnine log opened on Tue Feb 25 16:00:04 2025

Cnine log opened on Tue Feb 25 16:00:04 2025


Cnine log closed after 0.682380 seconds.
----------------------------------------------------------------------


Cnine log closed after 0.686288 seconds.
----------------------------------------------------------------------

Cnine log opened on Tue Feb 25 16:00:06 2025

Cnine log opened on Tue Feb 25 16:00:06 2025


Cnine log closed after 0.688907 seconds.
----------------------------------------------------------------------


Cnine log closed after 0.692352 seconds.
----------------------------------------------------------------------

Cnine log opened on Tue Feb 25 16:00:08 2025

Cnine log opened on Tue Feb 25 16:00:08 2025


Cnine log closed after 0.687583 seconds.
----------------------------------------------------------------------


Cnine log closed after 0.690970 seconds.
----------------------------------------------------------------------

Cnine log opened on Tue Feb 25 16:00:09 2025

Cnine log opened on Tue Feb 25 16:00:09 2025


Cnine log closed after 0.688901 seconds.
----------------------------------------------------------------------


Cnine log closed after 0.692303 seconds.
----------------------------------------------------------------------

Cnine log opened on Tue Feb 25 16:03:26 2025

Cnine log opened on Tue Feb 25 16:03:26 2025


Cnine log closed after 0.877809 seconds.
----------------------------------------------------------------------


Cnine log closed after 0.881871 seconds.
----------------------------------------------------------------------

Cnine log opened on Tue Feb 25 16:03:28 2025

Cnine log opened on Tue Feb 25 16:03:28 2025


Cnine log closed after 0.647868 seconds.
----------------------------------------------------------------------


Cnine log closed after 0.651446 seconds.
----------------------------------------------------------------------

Cnine log opened on Tue Feb 25 16:03:30 2025

Cnine log opened on Tue Feb 25 16:03:30 2025


Cnine log closed after 0.689880 seconds.
----------------------------------------------------------------------


Cnine log closed after 0.694816 seconds.
----------------------------------------------------------------------

Cnine log opened on Tue Feb 25 16:03:31 2025

Cnine log opened on Tue Feb 25 16:03:31 2025


Cnine log closed after 0.768158 seconds.
----------------------------------------------------------------------


Cnine log closed after 0.771450 seconds.
----------------------------------------------------------------------

Cnine log opened on Tue Feb 25 16:03:33 2025

Cnine log opened on Tue Feb 25 16:03:33 2025


Cnine log closed after 0.746479 seconds.
----------------------------------------------------------------------


Cnine log closed after 0.750004 seconds.
----------------------------------------------------------------------

Cnine log opened on Tue Feb 25 16:03:35 2025

Cnine log opened on Tue Feb 25 16:03:35 2025


Cnine log closed after 0.693128 seconds.
----------------------------------------------------------------------


Cnine log closed after 0.696483 seconds.
----------------------------------------------------------------------

Cnine log opened on Tue Feb 25 16:03:37 2025

Cnine log opened on Tue Feb 25 16:03:37 2025


Cnine log closed after 0.681322 seconds.
----------------------------------------------------------------------


Cnine log closed after 0.684795 seconds.
----------------------------------------------------------------------

Cnine log opened on Tue Feb 25 16:03:38 2025

Cnine log opened on Tue Feb 25 16:03:38 2025


Cnine log closed after 0.681610 seconds.
----------------------------------------------------------------------


Cnine log closed after 0.685469 seconds.
----------------------------------------------------------------------

Cnine log opened on Tue Feb 25 16:03:40 2025

Cnine log opened on Tue Feb 25 16:03:40 2025


Cnine log closed after 0.685196 seconds.
----------------------------------------------------------------------


Cnine log closed after 0.689045 seconds.
----------------------------------------------------------------------

Cnine log opened on Tue Feb 25 16:03:42 2025

Cnine log opened on Tue Feb 25 16:03:42 2025


Cnine log closed after 0.688767 seconds.
----------------------------------------------------------------------


Cnine log closed after 0.692785 seconds.
----------------------------------------------------------------------

Cnine log opened on Tue Feb 25 16:05:16 2025

Cnine log opened on Tue Feb 25 16:05:16 2025


Cnine log closed after 0.945924 seconds.
----------------------------------------------------------------------


Cnine log closed after 0.949706 seconds.
----------------------------------------------------------------------

Cnine log opened on Tue Feb 25 16:05:18 2025

Cnine log opened on Tue Feb 25 16:05:18 2025


Cnine log closed after 0.621899 seconds.
----------------------------------------------------------------------


Cnine log closed after 0.625133 seconds.
----------------------------------------------------------------------

Cnine log opened on Tue Feb 25 16:05:20 2025

Cnine log opened on Tue Feb 25 16:05:20 2025


Cnine log closed after 0.629283 seconds.
----------------------------------------------------------------------


Cnine log closed after 0.632651 seconds.
----------------------------------------------------------------------

Cnine log opened on Tue Feb 25 16:05:21 2025

Cnine log opened on Tue Feb 25 16:05:21 2025


Cnine log closed after 0.635719 seconds.
----------------------------------------------------------------------


Cnine log closed after 0.639023 seconds.
----------------------------------------------------------------------

Cnine log opened on Tue Feb 25 16:05:23 2025

Cnine log opened on Tue Feb 25 16:05:23 2025


Cnine log closed after 0.618890 seconds.
----------------------------------------------------------------------


Cnine log closed after 0.622141 seconds.
----------------------------------------------------------------------

Cnine log opened on Tue Feb 25 16:05:24 2025

Cnine log opened on Tue Feb 25 16:05:24 2025


Cnine log closed after 0.632009 seconds.
----------------------------------------------------------------------


Cnine log closed after 0.635532 seconds.
----------------------------------------------------------------------

Cnine log opened on Tue Feb 25 16:05:26 2025

Cnine log opened on Tue Feb 25 16:05:26 2025


Cnine log closed after 0.622925 seconds.
----------------------------------------------------------------------


Cnine log closed after 0.626099 seconds.
----------------------------------------------------------------------

Cnine log opened on Tue Feb 25 16:05:27 2025

Cnine log opened on Tue Feb 25 16:05:27 2025


Cnine log closed after 0.643112 seconds.
----------------------------------------------------------------------


Cnine log closed after 0.646342 seconds.
----------------------------------------------------------------------

Cnine log opened on Tue Feb 25 16:05:29 2025

Cnine log opened on Tue Feb 25 16:05:29 2025


Cnine log closed after 0.626638 seconds.
----------------------------------------------------------------------


Cnine log closed after 0.629942 seconds.
----------------------------------------------------------------------

Cnine log opened on Tue Feb 25 16:05:31 2025

Cnine log opened on Tue Feb 25 16:05:31 2025


Cnine log closed after 0.629835 seconds.
----------------------------------------------------------------------


Cnine log closed after 0.633144 seconds.
----------------------------------------------------------------------

Cnine log opened on Tue Feb 25 16:06:41 2025

Cnine log opened on Tue Feb 25 16:06:41 2025


Cnine log closed after 0.716790 seconds.
----------------------------------------------------------------------


Cnine log closed after 0.720920 seconds.
----------------------------------------------------------------------

Cnine log opened on Tue Feb 25 16:06:43 2025

Cnine log opened on Tue Feb 25 16:06:43 2025


Cnine log closed after 0.633906 seconds.
----------------------------------------------------------------------


Cnine log closed after 0.637529 seconds.
----------------------------------------------------------------------

Cnine log opened on Tue Feb 25 16:06:44 2025

Cnine log opened on Tue Feb 25 16:06:44 2025


Cnine log closed after 0.655790 seconds.
----------------------------------------------------------------------


Cnine log closed after 0.659293 seconds.
----------------------------------------------------------------------

Cnine log opened on Tue Feb 25 16:06:46 2025

Cnine log opened on Tue Feb 25 16:06:46 2025


Cnine log closed after 0.626804 seconds.
----------------------------------------------------------------------


Cnine log closed after 0.630060 seconds.
----------------------------------------------------------------------

Cnine log opened on Tue Feb 25 16:06:47 2025

Cnine log opened on Tue Feb 25 16:06:47 2025


Cnine log closed after 0.646954 seconds.
----------------------------------------------------------------------


Cnine log closed after 0.651370 seconds.
----------------------------------------------------------------------

Cnine log opened on Tue Feb 25 16:06:49 2025

Cnine log opened on Tue Feb 25 16:06:49 2025


Cnine log closed after 0.639950 seconds.
----------------------------------------------------------------------


Cnine log closed after 0.643319 seconds.
----------------------------------------------------------------------

Cnine log opened on Tue Feb 25 16:06:51 2025

Cnine log opened on Tue Feb 25 16:06:51 2025


Cnine log closed after 0.555070 seconds.
----------------------------------------------------------------------


Cnine log closed after 0.558447 seconds.
----------------------------------------------------------------------

Cnine log opened on Tue Feb 25 16:06:52 2025

Cnine log opened on Tue Feb 25 16:06:52 2025


Cnine log closed after 0.553151 seconds.
----------------------------------------------------------------------


Cnine log closed after 0.556473 seconds.
----------------------------------------------------------------------

Cnine log opened on Tue Feb 25 16:06:54 2025

Cnine log opened on Tue Feb 25 16:06:54 2025


Cnine log closed after 0.555754 seconds.
----------------------------------------------------------------------


Cnine log closed after 0.558896 seconds.
----------------------------------------------------------------------

Cnine log opened on Tue Feb 25 16:06:55 2025

Cnine log opened on Tue Feb 25 16:06:55 2025


Cnine log closed after 0.549898 seconds.
----------------------------------------------------------------------


Cnine log closed after 0.553234 seconds.
----------------------------------------------------------------------

Cnine log opened on Tue Feb 25 16:07:47 2025

Cnine log opened on Tue Feb 25 16:07:47 2025


Cnine log closed after 0.633193 seconds.
----------------------------------------------------------------------


Cnine log closed after 0.636761 seconds.
----------------------------------------------------------------------

Cnine log opened on Tue Feb 25 16:07:48 2025

Cnine log opened on Tue Feb 25 16:07:48 2025


Cnine log closed after 0.626284 seconds.
----------------------------------------------------------------------


Cnine log closed after 0.629381 seconds.
----------------------------------------------------------------------

Cnine log opened on Tue Feb 25 16:07:50 2025

Cnine log opened on Tue Feb 25 16:07:50 2025


Cnine log closed after 0.683556 seconds.
----------------------------------------------------------------------


Cnine log closed after 0.686974 seconds.
----------------------------------------------------------------------

Cnine log opened on Tue Feb 25 16:07:52 2025

Cnine log opened on Tue Feb 25 16:07:52 2025


Cnine log closed after 0.680966 seconds.
----------------------------------------------------------------------


Cnine log closed after 0.684192 seconds.
----------------------------------------------------------------------

Cnine log opened on Tue Feb 25 16:07:53 2025

Cnine log opened on Tue Feb 25 16:07:53 2025


Cnine log closed after 0.673825 seconds.
----------------------------------------------------------------------


Cnine log closed after 0.677250 seconds.
----------------------------------------------------------------------

Cnine log opened on Tue Feb 25 16:07:55 2025

Cnine log opened on Tue Feb 25 16:07:55 2025


Cnine log closed after 0.694330 seconds.
----------------------------------------------------------------------


Cnine log closed after 0.697879 seconds.
----------------------------------------------------------------------

Cnine log opened on Tue Feb 25 16:07:57 2025

Cnine log opened on Tue Feb 25 16:07:57 2025


Cnine log closed after 0.679529 seconds.
----------------------------------------------------------------------


Cnine log closed after 0.683199 seconds.
----------------------------------------------------------------------

Cnine log opened on Tue Feb 25 16:07:58 2025

Cnine log opened on Tue Feb 25 16:07:58 2025


Cnine log closed after 0.706897 seconds.
----------------------------------------------------------------------


Cnine log closed after 0.710363 seconds.
----------------------------------------------------------------------

Cnine log opened on Tue Feb 25 16:08:00 2025

Cnine log opened on Tue Feb 25 16:08:00 2025


Cnine log closed after 0.716380 seconds.
----------------------------------------------------------------------


Cnine log closed after 0.720337 seconds.
----------------------------------------------------------------------

Cnine log opened on Tue Feb 25 16:08:02 2025

Cnine log opened on Tue Feb 25 16:08:02 2025


Cnine log closed after 0.710457 seconds.
----------------------------------------------------------------------


Cnine log closed after 0.715314 seconds.
----------------------------------------------------------------------

Cnine log opened on Tue Feb 25 16:09:16 2025

Cnine log opened on Tue Feb 25 16:09:16 2025


Cnine log closed after 0.702033 seconds.
----------------------------------------------------------------------


Cnine log closed after 0.705804 seconds.
----------------------------------------------------------------------

Cnine log opened on Tue Feb 25 16:09:18 2025

Cnine log opened on Tue Feb 25 16:09:18 2025


Cnine log closed after 0.646083 seconds.
----------------------------------------------------------------------


Cnine log closed after 0.649491 seconds.
----------------------------------------------------------------------

Cnine log opened on Tue Feb 25 16:09:20 2025

Cnine log opened on Tue Feb 25 16:09:20 2025


Cnine log closed after 0.624539 seconds.
----------------------------------------------------------------------


Cnine log closed after 0.627971 seconds.
----------------------------------------------------------------------

Cnine log opened on Tue Feb 25 16:09:21 2025

Cnine log opened on Tue Feb 25 16:09:21 2025


Cnine log closed after 0.625878 seconds.
----------------------------------------------------------------------


Cnine log closed after 0.629281 seconds.
----------------------------------------------------------------------

Cnine log opened on Tue Feb 25 16:09:23 2025

Cnine log opened on Tue Feb 25 16:09:23 2025


Cnine log closed after 0.729439 seconds.
----------------------------------------------------------------------


Cnine log closed after 0.732776 seconds.
----------------------------------------------------------------------

Cnine log opened on Tue Feb 25 16:09:24 2025

Cnine log opened on Tue Feb 25 16:09:24 2025


Cnine log closed after 0.659174 seconds.
----------------------------------------------------------------------


Cnine log closed after 0.662382 seconds.
----------------------------------------------------------------------

Cnine log opened on Tue Feb 25 16:09:26 2025

Cnine log opened on Tue Feb 25 16:09:26 2025


Cnine log closed after 0.669508 seconds.
----------------------------------------------------------------------


Cnine log closed after 0.672886 seconds.
----------------------------------------------------------------------

Cnine log opened on Tue Feb 25 16:09:28 2025

Cnine log opened on Tue Feb 25 16:09:28 2025


Cnine log closed after 0.713705 seconds.
----------------------------------------------------------------------


Cnine log closed after 0.717177 seconds.
----------------------------------------------------------------------

Cnine log opened on Tue Feb 25 16:09:29 2025

Cnine log opened on Tue Feb 25 16:09:29 2025


Cnine log closed after 0.687926 seconds.
----------------------------------------------------------------------


Cnine log closed after 0.691335 seconds.
----------------------------------------------------------------------

Cnine log opened on Tue Feb 25 16:09:31 2025

Cnine log opened on Tue Feb 25 16:09:31 2025


Cnine log closed after 0.690572 seconds.
----------------------------------------------------------------------


Cnine log closed after 0.694074 seconds.
----------------------------------------------------------------------

Cnine log opened on Tue Feb 25 16:10:30 2025

Cnine log opened on Tue Feb 25 16:10:30 2025


Cnine log closed after 0.947016 seconds.
----------------------------------------------------------------------


Cnine log closed after 0.951271 seconds.
----------------------------------------------------------------------

Cnine log opened on Tue Feb 25 16:10:32 2025

Cnine log opened on Tue Feb 25 16:10:32 2025


Cnine log closed after 0.670561 seconds.
----------------------------------------------------------------------


Cnine log closed after 0.674124 seconds.
----------------------------------------------------------------------

Cnine log opened on Tue Feb 25 16:10:34 2025

Cnine log opened on Tue Feb 25 16:10:34 2025


Cnine log closed after 0.700656 seconds.
----------------------------------------------------------------------


Cnine log closed after 0.704121 seconds.
----------------------------------------------------------------------

Cnine log opened on Tue Feb 25 16:10:36 2025

Cnine log opened on Tue Feb 25 16:10:36 2025


Cnine log closed after 0.674424 seconds.
----------------------------------------------------------------------


Cnine log closed after 0.677827 seconds.
----------------------------------------------------------------------

Cnine log opened on Tue Feb 25 16:10:37 2025

Cnine log opened on Tue Feb 25 16:10:37 2025


Cnine log closed after 0.701537 seconds.
----------------------------------------------------------------------


Cnine log closed after 0.704910 seconds.
----------------------------------------------------------------------

Cnine log opened on Tue Feb 25 16:10:39 2025

Cnine log opened on Tue Feb 25 16:10:39 2025


Cnine log closed after 0.689365 seconds.
----------------------------------------------------------------------


Cnine log closed after 0.692807 seconds.
----------------------------------------------------------------------

Cnine log opened on Tue Feb 25 16:10:41 2025

Cnine log opened on Tue Feb 25 16:10:41 2025


Cnine log closed after 0.684819 seconds.
----------------------------------------------------------------------


Cnine log closed after 0.688729 seconds.
----------------------------------------------------------------------

Cnine log opened on Tue Feb 25 16:10:42 2025

Cnine log opened on Tue Feb 25 16:10:42 2025


Cnine log closed after 0.672721 seconds.
----------------------------------------------------------------------


Cnine log closed after 0.676113 seconds.
----------------------------------------------------------------------

Cnine log opened on Tue Feb 25 16:10:44 2025

Cnine log opened on Tue Feb 25 16:10:44 2025


Cnine log closed after 0.673540 seconds.
----------------------------------------------------------------------


Cnine log closed after 0.677388 seconds.
----------------------------------------------------------------------

Cnine log opened on Tue Feb 25 16:10:46 2025

Cnine log opened on Tue Feb 25 16:10:46 2025


Cnine log closed after 0.687425 seconds.
----------------------------------------------------------------------


Cnine log closed after 0.690832 seconds.
----------------------------------------------------------------------

Cnine log opened on Tue Feb 25 16:11:45 2025

Cnine log opened on Tue Feb 25 16:11:45 2025


Cnine log closed after 1.006088 seconds.
----------------------------------------------------------------------


Cnine log closed after 1.010778 seconds.
----------------------------------------------------------------------

Cnine log opened on Tue Feb 25 16:11:47 2025

Cnine log opened on Tue Feb 25 16:11:47 2025


Cnine log closed after 0.683307 seconds.
----------------------------------------------------------------------


Cnine log closed after 0.686435 seconds.
----------------------------------------------------------------------

Cnine log opened on Tue Feb 25 16:11:49 2025

Cnine log opened on Tue Feb 25 16:11:49 2025


Cnine log closed after 0.625204 seconds.
----------------------------------------------------------------------


Cnine log closed after 0.628443 seconds.
----------------------------------------------------------------------

Cnine log opened on Tue Feb 25 16:11:50 2025

Cnine log opened on Tue Feb 25 16:11:50 2025


Cnine log closed after 0.679087 seconds.
----------------------------------------------------------------------


Cnine log closed after 0.682576 seconds.
----------------------------------------------------------------------

Cnine log opened on Tue Feb 25 16:11:52 2025

Cnine log opened on Tue Feb 25 16:11:52 2025


Cnine log closed after 0.676636 seconds.
----------------------------------------------------------------------


Cnine log closed after 0.680399 seconds.
----------------------------------------------------------------------

Cnine log opened on Tue Feb 25 16:11:54 2025

Cnine log opened on Tue Feb 25 16:11:54 2025


Cnine log closed after 0.706248 seconds.
----------------------------------------------------------------------


Cnine log closed after 0.709621 seconds.
----------------------------------------------------------------------

Cnine log opened on Tue Feb 25 16:11:56 2025

Cnine log opened on Tue Feb 25 16:11:56 2025


Cnine log closed after 0.685685 seconds.
----------------------------------------------------------------------


Cnine log closed after 0.689309 seconds.
----------------------------------------------------------------------

Cnine log opened on Tue Feb 25 16:11:57 2025

Cnine log opened on Tue Feb 25 16:11:57 2025


Cnine log closed after 0.694189 seconds.
----------------------------------------------------------------------


Cnine log closed after 0.697623 seconds.
----------------------------------------------------------------------

Cnine log opened on Tue Feb 25 16:11:59 2025

Cnine log opened on Tue Feb 25 16:11:59 2025


Cnine log closed after 0.679002 seconds.
----------------------------------------------------------------------


Cnine log closed after 0.682404 seconds.
----------------------------------------------------------------------

Cnine log opened on Tue Feb 25 16:12:01 2025

Cnine log opened on Tue Feb 25 16:12:01 2025


Cnine log closed after 0.686367 seconds.
----------------------------------------------------------------------


Cnine log closed after 0.689958 seconds.
----------------------------------------------------------------------

Cnine log opened on Tue Feb 25 16:12:36 2025

Cnine log opened on Tue Feb 25 16:12:36 2025


Cnine log closed after 0.792253 seconds.
----------------------------------------------------------------------


Cnine log closed after 0.796430 seconds.
----------------------------------------------------------------------

Cnine log opened on Tue Feb 25 16:12:38 2025

Cnine log opened on Tue Feb 25 16:12:38 2025


Cnine log closed after 0.684351 seconds.
----------------------------------------------------------------------


Cnine log closed after 0.687728 seconds.
----------------------------------------------------------------------

Cnine log opened on Tue Feb 25 16:12:40 2025

Cnine log opened on Tue Feb 25 16:12:40 2025


Cnine log closed after 0.675106 seconds.
----------------------------------------------------------------------


Cnine log closed after 0.679079 seconds.
----------------------------------------------------------------------

Cnine log opened on Tue Feb 25 16:12:41 2025

Cnine log opened on Tue Feb 25 16:12:41 2025


Cnine log closed after 0.642048 seconds.
----------------------------------------------------------------------


Cnine log closed after 0.645354 seconds.
----------------------------------------------------------------------

Cnine log opened on Tue Feb 25 16:12:43 2025

Cnine log opened on Tue Feb 25 16:12:43 2025


Cnine log closed after 0.635196 seconds.
----------------------------------------------------------------------


Cnine log closed after 0.638687 seconds.
----------------------------------------------------------------------

Cnine log opened on Tue Feb 25 16:12:45 2025

Cnine log opened on Tue Feb 25 16:12:45 2025


Cnine log closed after 0.643983 seconds.
----------------------------------------------------------------------


Cnine log closed after 0.647663 seconds.
----------------------------------------------------------------------

Cnine log opened on Tue Feb 25 16:12:46 2025

Cnine log opened on Tue Feb 25 16:12:46 2025


Cnine log closed after 0.632873 seconds.
----------------------------------------------------------------------


Cnine log closed after 0.636139 seconds.
----------------------------------------------------------------------

Cnine log opened on Tue Feb 25 16:12:48 2025

Cnine log opened on Tue Feb 25 16:12:48 2025


Cnine log closed after 0.631320 seconds.
----------------------------------------------------------------------


Cnine log closed after 0.634442 seconds.
----------------------------------------------------------------------

Cnine log opened on Tue Feb 25 16:12:49 2025

Cnine log opened on Tue Feb 25 16:12:49 2025


Cnine log closed after 0.645255 seconds.
----------------------------------------------------------------------


Cnine log closed after 0.648698 seconds.
----------------------------------------------------------------------

Cnine log opened on Tue Feb 25 16:12:51 2025

Cnine log opened on Tue Feb 25 16:12:51 2025


Cnine log closed after 0.642412 seconds.
----------------------------------------------------------------------


Cnine log closed after 0.645831 seconds.
----------------------------------------------------------------------

Cnine log opened on Tue Feb 25 16:13:51 2025

Cnine log opened on Tue Feb 25 16:13:51 2025


Cnine log closed after 0.804673 seconds.
----------------------------------------------------------------------


Cnine log closed after 0.808788 seconds.
----------------------------------------------------------------------

Cnine log opened on Tue Feb 25 16:13:53 2025

Cnine log opened on Tue Feb 25 16:13:53 2025


Cnine log closed after 0.650367 seconds.
----------------------------------------------------------------------


Cnine log closed after 0.653742 seconds.
----------------------------------------------------------------------

Cnine log opened on Tue Feb 25 16:13:54 2025

Cnine log opened on Tue Feb 25 16:13:54 2025


Cnine log closed after 0.707583 seconds.
----------------------------------------------------------------------


Cnine log closed after 0.710776 seconds.
----------------------------------------------------------------------

Cnine log opened on Tue Feb 25 16:13:56 2025

Cnine log opened on Tue Feb 25 16:13:56 2025


Cnine log closed after 0.627606 seconds.
----------------------------------------------------------------------


Cnine log closed after 0.630815 seconds.
----------------------------------------------------------------------

Cnine log opened on Tue Feb 25 16:13:58 2025

Cnine log opened on Tue Feb 25 16:13:58 2025


Cnine log closed after 0.634270 seconds.
----------------------------------------------------------------------


Cnine log closed after 0.637936 seconds.
----------------------------------------------------------------------

Cnine log opened on Tue Feb 25 16:13:59 2025

Cnine log opened on Tue Feb 25 16:13:59 2025


Cnine log closed after 0.732041 seconds.
----------------------------------------------------------------------


Cnine log closed after 0.735290 seconds.
----------------------------------------------------------------------

Cnine log opened on Tue Feb 25 16:14:01 2025

Cnine log opened on Tue Feb 25 16:14:01 2025


Cnine log closed after 0.633353 seconds.
----------------------------------------------------------------------


Cnine log closed after 0.637747 seconds.
----------------------------------------------------------------------

Cnine log opened on Tue Feb 25 16:14:03 2025

Cnine log opened on Tue Feb 25 16:14:03 2025


Cnine log closed after 0.643377 seconds.
----------------------------------------------------------------------


Cnine log closed after 0.646606 seconds.
----------------------------------------------------------------------

Cnine log opened on Tue Feb 25 16:14:04 2025

Cnine log opened on Tue Feb 25 16:14:04 2025


Cnine log closed after 0.765046 seconds.
----------------------------------------------------------------------


Cnine log closed after 0.768587 seconds.
----------------------------------------------------------------------

Cnine log opened on Tue Feb 25 16:14:06 2025

Cnine log opened on Tue Feb 25 16:14:06 2025


Cnine log closed after 0.679057 seconds.
----------------------------------------------------------------------


Cnine log closed after 0.682755 seconds.
----------------------------------------------------------------------

Cnine log opened on Tue Feb 25 16:15:02 2025

Cnine log opened on Tue Feb 25 16:15:02 2025


Cnine log closed after 0.633007 seconds.
----------------------------------------------------------------------


Cnine log closed after 0.636175 seconds.
----------------------------------------------------------------------

Cnine log opened on Tue Feb 25 16:15:03 2025

Cnine log opened on Tue Feb 25 16:15:03 2025


Cnine log closed after 0.635331 seconds.
----------------------------------------------------------------------


Cnine log closed after 0.638555 seconds.
----------------------------------------------------------------------

Cnine log opened on Tue Feb 25 16:15:05 2025

Cnine log opened on Tue Feb 25 16:15:05 2025


Cnine log closed after 0.636037 seconds.
----------------------------------------------------------------------


Cnine log closed after 0.639250 seconds.
----------------------------------------------------------------------

Cnine log opened on Tue Feb 25 16:15:07 2025

Cnine log opened on Tue Feb 25 16:15:07 2025


Cnine log closed after 0.752844 seconds.
----------------------------------------------------------------------


Cnine log closed after 0.757567 seconds.
----------------------------------------------------------------------

Cnine log opened on Tue Feb 25 16:15:08 2025

Cnine log opened on Tue Feb 25 16:15:08 2025


Cnine log closed after 0.668082 seconds.
----------------------------------------------------------------------


Cnine log closed after 0.671422 seconds.
----------------------------------------------------------------------

Cnine log opened on Tue Feb 25 16:15:10 2025

Cnine log opened on Tue Feb 25 16:15:10 2025


Cnine log closed after 0.687499 seconds.
----------------------------------------------------------------------


Cnine log closed after 0.690804 seconds.
----------------------------------------------------------------------

Cnine log opened on Tue Feb 25 16:15:12 2025

Cnine log opened on Tue Feb 25 16:15:12 2025


Cnine log closed after 0.663431 seconds.
----------------------------------------------------------------------


Cnine log closed after 0.666834 seconds.
----------------------------------------------------------------------

Cnine log opened on Tue Feb 25 16:15:13 2025

Cnine log opened on Tue Feb 25 16:15:13 2025


Cnine log closed after 0.701333 seconds.
----------------------------------------------------------------------


Cnine log closed after 0.704766 seconds.
----------------------------------------------------------------------

Cnine log opened on Tue Feb 25 16:15:15 2025

Cnine log opened on Tue Feb 25 16:15:15 2025


Cnine log closed after 0.643137 seconds.
----------------------------------------------------------------------


Cnine log closed after 0.646385 seconds.
----------------------------------------------------------------------

Cnine log opened on Tue Feb 25 16:15:17 2025

Cnine log opened on Tue Feb 25 16:15:17 2025


Cnine log closed after 0.641222 seconds.
----------------------------------------------------------------------


Cnine log closed after 0.644833 seconds.
----------------------------------------------------------------------

Cnine log opened on Tue Feb 25 16:15:30 2025

Cnine log opened on Tue Feb 25 16:15:30 2025


Cnine log closed after 0.682261 seconds.
----------------------------------------------------------------------


Cnine log closed after 0.686055 seconds.
----------------------------------------------------------------------

Cnine log opened on Tue Feb 25 16:15:31 2025

Cnine log opened on Tue Feb 25 16:15:31 2025


Cnine log closed after 0.665489 seconds.
----------------------------------------------------------------------


Cnine log closed after 0.668964 seconds.
----------------------------------------------------------------------

Cnine log opened on Tue Feb 25 16:15:33 2025

Cnine log opened on Tue Feb 25 16:15:33 2025


Cnine log closed after 0.696844 seconds.
----------------------------------------------------------------------


Cnine log closed after 0.699892 seconds.
----------------------------------------------------------------------

Cnine log opened on Tue Feb 25 16:15:35 2025

Cnine log opened on Tue Feb 25 16:15:35 2025


Cnine log closed after 0.681417 seconds.
----------------------------------------------------------------------


Cnine log closed after 0.684636 seconds.
----------------------------------------------------------------------

Cnine log opened on Tue Feb 25 16:15:37 2025

Cnine log opened on Tue Feb 25 16:15:37 2025


Cnine log closed after 0.625757 seconds.
----------------------------------------------------------------------


Cnine log closed after 0.629028 seconds.
----------------------------------------------------------------------

Cnine log opened on Tue Feb 25 16:15:38 2025

Cnine log opened on Tue Feb 25 16:15:38 2025


Cnine log closed after 0.695574 seconds.
----------------------------------------------------------------------


Cnine log closed after 0.698752 seconds.
----------------------------------------------------------------------

Cnine log opened on Tue Feb 25 16:15:40 2025

Cnine log opened on Tue Feb 25 16:15:40 2025


Cnine log closed after 0.694864 seconds.
----------------------------------------------------------------------


Cnine log closed after 0.698045 seconds.
----------------------------------------------------------------------

Cnine log opened on Tue Feb 25 16:15:42 2025

Cnine log opened on Tue Feb 25 16:15:42 2025


Cnine log closed after 0.712242 seconds.
----------------------------------------------------------------------


Cnine log closed after 0.715723 seconds.
----------------------------------------------------------------------

Cnine log opened on Tue Feb 25 16:15:43 2025

Cnine log opened on Tue Feb 25 16:15:43 2025


Cnine log closed after 0.662361 seconds.
----------------------------------------------------------------------


Cnine log closed after 0.665934 seconds.
----------------------------------------------------------------------

Cnine log opened on Tue Feb 25 16:15:45 2025

Cnine log opened on Tue Feb 25 16:15:45 2025


Cnine log closed after 0.624365 seconds.
----------------------------------------------------------------------


Cnine log closed after 0.627434 seconds.
----------------------------------------------------------------------

Cnine log opened on Tue Feb 25 16:15:52 2025

Cnine log opened on Tue Feb 25 16:15:52 2025


Cnine log closed after 0.970916 seconds.
----------------------------------------------------------------------


Cnine log closed after 0.974533 seconds.
----------------------------------------------------------------------

Cnine log opened on Tue Feb 25 16:15:54 2025

Cnine log opened on Tue Feb 25 16:15:54 2025


Cnine log closed after 0.634113 seconds.
----------------------------------------------------------------------


Cnine log closed after 0.637454 seconds.
----------------------------------------------------------------------

Cnine log opened on Tue Feb 25 16:15:56 2025

Cnine log opened on Tue Feb 25 16:15:56 2025


Cnine log closed after 0.641951 seconds.
----------------------------------------------------------------------


Cnine log closed after 0.645991 seconds.
----------------------------------------------------------------------

Cnine log opened on Tue Feb 25 16:15:57 2025

Cnine log opened on Tue Feb 25 16:15:57 2025


Cnine log closed after 0.652545 seconds.
----------------------------------------------------------------------


Cnine log closed after 0.656910 seconds.
----------------------------------------------------------------------

Cnine log opened on Tue Feb 25 16:15:59 2025

Cnine log opened on Tue Feb 25 16:15:59 2025


Cnine log closed after 0.696175 seconds.
----------------------------------------------------------------------


Cnine log closed after 0.700377 seconds.
----------------------------------------------------------------------

Cnine log opened on Tue Feb 25 16:16:01 2025

Cnine log opened on Tue Feb 25 16:16:01 2025


Cnine log closed after 0.705330 seconds.
----------------------------------------------------------------------


Cnine log closed after 0.708908 seconds.
----------------------------------------------------------------------

Cnine log opened on Tue Feb 25 16:16:02 2025

Cnine log opened on Tue Feb 25 16:16:02 2025


Cnine log closed after 0.664173 seconds.
----------------------------------------------------------------------


Cnine log closed after 0.667389 seconds.
----------------------------------------------------------------------

Cnine log opened on Tue Feb 25 16:16:04 2025

Cnine log opened on Tue Feb 25 16:16:04 2025


Cnine log closed after 0.738400 seconds.
----------------------------------------------------------------------


Cnine log closed after 0.741465 seconds.
----------------------------------------------------------------------

Cnine log opened on Tue Feb 25 16:16:06 2025

Cnine log opened on Tue Feb 25 16:16:06 2025


Cnine log closed after 0.726930 seconds.
----------------------------------------------------------------------


Cnine log closed after 0.730719 seconds.
----------------------------------------------------------------------

Cnine log opened on Tue Feb 25 16:16:08 2025

Cnine log opened on Tue Feb 25 16:16:08 2025


Cnine log closed after 0.646240 seconds.
----------------------------------------------------------------------


Cnine log closed after 0.649537 seconds.
----------------------------------------------------------------------

Cnine log opened on Tue Feb 25 16:16:32 2025

Cnine log opened on Tue Feb 25 16:16:32 2025


Cnine log closed after 0.841603 seconds.
----------------------------------------------------------------------


Cnine log closed after 0.845661 seconds.
----------------------------------------------------------------------

Cnine log opened on Tue Feb 25 16:16:33 2025

Cnine log opened on Tue Feb 25 16:16:33 2025


Cnine log closed after 0.667103 seconds.
----------------------------------------------------------------------


Cnine log closed after 0.670842 seconds.
----------------------------------------------------------------------

Cnine log opened on Tue Feb 25 16:16:35 2025

Cnine log opened on Tue Feb 25 16:16:35 2025


Cnine log closed after 0.631968 seconds.
----------------------------------------------------------------------


Cnine log closed after 0.635192 seconds.
----------------------------------------------------------------------

Cnine log opened on Tue Feb 25 16:16:37 2025

Cnine log opened on Tue Feb 25 16:16:37 2025


Cnine log closed after 0.623496 seconds.
----------------------------------------------------------------------


Cnine log closed after 0.626610 seconds.
----------------------------------------------------------------------

Cnine log opened on Tue Feb 25 16:16:38 2025

Cnine log opened on Tue Feb 25 16:16:38 2025


Cnine log closed after 0.629678 seconds.
----------------------------------------------------------------------


Cnine log closed after 0.632964 seconds.
----------------------------------------------------------------------

Cnine log opened on Tue Feb 25 16:16:40 2025

Cnine log opened on Tue Feb 25 16:16:40 2025


Cnine log closed after 0.639538 seconds.
----------------------------------------------------------------------


Cnine log closed after 0.642561 seconds.
----------------------------------------------------------------------

Cnine log opened on Tue Feb 25 16:16:41 2025

Cnine log opened on Tue Feb 25 16:16:41 2025


Cnine log closed after 0.641541 seconds.
----------------------------------------------------------------------


Cnine log closed after 0.644796 seconds.
----------------------------------------------------------------------

Cnine log opened on Tue Feb 25 16:16:43 2025

Cnine log opened on Tue Feb 25 16:16:43 2025


Cnine log closed after 0.721366 seconds.
----------------------------------------------------------------------


Cnine log closed after 0.735907 seconds.
----------------------------------------------------------------------

Cnine log opened on Tue Feb 25 16:16:45 2025

Cnine log opened on Tue Feb 25 16:16:45 2025


Cnine log closed after 0.686430 seconds.
----------------------------------------------------------------------


Cnine log closed after 0.689856 seconds.
----------------------------------------------------------------------

Cnine log opened on Tue Feb 25 16:16:46 2025

Cnine log opened on Tue Feb 25 16:16:46 2025


Cnine log closed after 0.679311 seconds.
----------------------------------------------------------------------


Cnine log closed after 0.682423 seconds.
----------------------------------------------------------------------

Cnine log opened on Tue Feb 25 16:20:09 2025

Cnine log opened on Tue Feb 25 16:20:09 2025


Cnine log closed after 0.973221 seconds.
----------------------------------------------------------------------


Cnine log closed after 0.977613 seconds.
----------------------------------------------------------------------

Cnine log opened on Tue Feb 25 16:20:11 2025

Cnine log opened on Tue Feb 25 16:20:11 2025


Cnine log closed after 0.616861 seconds.
----------------------------------------------------------------------


Cnine log closed after 0.619929 seconds.
----------------------------------------------------------------------

Cnine log opened on Tue Feb 25 16:20:13 2025

Cnine log opened on Tue Feb 25 16:20:13 2025


Cnine log closed after 0.622434 seconds.
----------------------------------------------------------------------


Cnine log closed after 0.626398 seconds.
----------------------------------------------------------------------

Cnine log opened on Tue Feb 25 16:20:14 2025

Cnine log opened on Tue Feb 25 16:20:14 2025


Cnine log closed after 0.626055 seconds.
----------------------------------------------------------------------


Cnine log closed after 0.629474 seconds.
----------------------------------------------------------------------

Cnine log opened on Tue Feb 25 16:20:16 2025

Cnine log opened on Tue Feb 25 16:20:16 2025


Cnine log closed after 0.620875 seconds.
----------------------------------------------------------------------


Cnine log closed after 0.623884 seconds.
----------------------------------------------------------------------

Cnine log opened on Tue Feb 25 16:20:18 2025

Cnine log opened on Tue Feb 25 16:20:18 2025


Cnine log closed after 0.622884 seconds.
----------------------------------------------------------------------


Cnine log closed after 0.626109 seconds.
----------------------------------------------------------------------

Cnine log opened on Tue Feb 25 16:20:19 2025

Cnine log opened on Tue Feb 25 16:20:19 2025


Cnine log closed after 0.624553 seconds.
----------------------------------------------------------------------


Cnine log closed after 0.628143 seconds.
----------------------------------------------------------------------

Cnine log opened on Tue Feb 25 16:20:21 2025

Cnine log opened on Tue Feb 25 16:20:21 2025


Cnine log closed after 0.632734 seconds.
----------------------------------------------------------------------


Cnine log closed after 0.635962 seconds.
----------------------------------------------------------------------

Cnine log opened on Tue Feb 25 16:20:22 2025

Cnine log opened on Tue Feb 25 16:20:22 2025


Cnine log closed after 0.626369 seconds.
----------------------------------------------------------------------


Cnine log closed after 0.629662 seconds.
----------------------------------------------------------------------

Cnine log opened on Tue Feb 25 16:20:24 2025

Cnine log opened on Tue Feb 25 16:20:24 2025


Cnine log closed after 0.628747 seconds.
----------------------------------------------------------------------


Cnine log closed after 0.632005 seconds.
----------------------------------------------------------------------

Cnine log opened on Tue Feb 25 16:44:30 2025

Cnine log opened on Tue Feb 25 16:44:30 2025


Cnine log closed after 1.213930 seconds.
----------------------------------------------------------------------


Cnine log closed after 1.220283 seconds.
----------------------------------------------------------------------

Cnine log opened on Tue Feb 25 16:44:32 2025

Cnine log opened on Tue Feb 25 16:44:32 2025


Cnine log closed after 0.641145 seconds.
----------------------------------------------------------------------


Cnine log closed after 0.644419 seconds.
----------------------------------------------------------------------

Cnine log opened on Tue Feb 25 16:44:34 2025

Cnine log opened on Tue Feb 25 16:44:34 2025


Cnine log closed after 0.664589 seconds.
----------------------------------------------------------------------


Cnine log closed after 0.667979 seconds.
----------------------------------------------------------------------

Cnine log opened on Tue Feb 25 16:44:35 2025

Cnine log opened on Tue Feb 25 16:44:35 2025


Cnine log closed after 0.619421 seconds.
----------------------------------------------------------------------


Cnine log closed after 0.622445 seconds.
----------------------------------------------------------------------

Cnine log opened on Tue Feb 25 16:44:37 2025

Cnine log opened on Tue Feb 25 16:44:37 2025


Cnine log closed after 0.623339 seconds.
----------------------------------------------------------------------


Cnine log closed after 0.626614 seconds.
----------------------------------------------------------------------

Cnine log opened on Tue Feb 25 16:44:39 2025

Cnine log opened on Tue Feb 25 16:44:39 2025


Cnine log closed after 0.633704 seconds.
----------------------------------------------------------------------


Cnine log closed after 0.636989 seconds.
----------------------------------------------------------------------

Cnine log opened on Tue Feb 25 16:44:40 2025

Cnine log opened on Tue Feb 25 16:44:40 2025


Cnine log closed after 0.624043 seconds.
----------------------------------------------------------------------


Cnine log closed after 0.627278 seconds.
----------------------------------------------------------------------

Cnine log opened on Tue Feb 25 16:44:42 2025

Cnine log opened on Tue Feb 25 16:44:42 2025


Cnine log closed after 0.621859 seconds.
----------------------------------------------------------------------


Cnine log closed after 0.625144 seconds.
----------------------------------------------------------------------

Cnine log opened on Tue Feb 25 16:44:43 2025

Cnine log opened on Tue Feb 25 16:44:43 2025


Cnine log closed after 0.625945 seconds.
----------------------------------------------------------------------


Cnine log closed after 0.629185 seconds.
----------------------------------------------------------------------

Cnine log opened on Tue Feb 25 16:44:45 2025

Cnine log opened on Tue Feb 25 16:44:45 2025


Cnine log closed after 0.626787 seconds.
----------------------------------------------------------------------


Cnine log closed after 0.630111 seconds.
----------------------------------------------------------------------

Cnine log opened on Wed Feb 26 10:43:32 2025

Cnine log opened on Wed Feb 26 10:43:32 2025


Cnine log closed after 23.520159 seconds.
----------------------------------------------------------------------


Cnine log closed after 23.525168 seconds.
----------------------------------------------------------------------

Cnine log opened on Wed Feb 26 10:47:57 2025

Cnine log opened on Wed Feb 26 10:47:57 2025


Cnine log closed after 4.157368 seconds.
----------------------------------------------------------------------


Cnine log closed after 4.159231 seconds.
----------------------------------------------------------------------

Cnine log opened on Wed Feb 26 10:49:14 2025

Cnine log opened on Wed Feb 26 10:49:14 2025

Cnine log opened on Wed Feb 26 10:52:44 2025

Cnine log opened on Wed Feb 26 10:52:44 2025


Cnine log closed after 4.187659 seconds.
----------------------------------------------------------------------


Cnine log closed after 4.189484 seconds.
----------------------------------------------------------------------

Cnine log opened on Wed Feb 26 10:53:55 2025

Cnine log opened on Wed Feb 26 10:53:55 2025


Cnine log closed after 25.256689 seconds.
----------------------------------------------------------------------


Cnine log closed after 25.259038 seconds.
----------------------------------------------------------------------

Cnine log opened on Wed Feb 26 11:02:02 2025

Cnine log opened on Wed Feb 26 11:02:02 2025


Cnine log closed after 4.000453 seconds.
----------------------------------------------------------------------


Cnine log closed after 4.002265 seconds.
----------------------------------------------------------------------

Cnine log opened on Wed Feb 26 11:03:03 2025

Cnine log opened on Wed Feb 26 11:03:03 2025


Cnine log closed after 4.365498 seconds.
----------------------------------------------------------------------


Cnine log closed after 4.367805 seconds.
----------------------------------------------------------------------

Cnine log opened on Wed Feb 26 11:04:16 2025

Cnine log opened on Wed Feb 26 11:04:16 2025


Cnine log closed after 51.936128 seconds.
----------------------------------------------------------------------


Cnine log closed after 51.938477 seconds.
----------------------------------------------------------------------

Cnine log opened on Wed Feb 26 11:05:50 2025

Cnine log opened on Wed Feb 26 11:05:50 2025


Cnine log closed after 50.917720 seconds.
----------------------------------------------------------------------


Cnine log closed after 50.920384 seconds.
----------------------------------------------------------------------

Cnine log opened on Wed Feb 26 11:07:18 2025

Cnine log opened on Wed Feb 26 11:07:18 2025


Cnine log closed after 51.042856 seconds.
----------------------------------------------------------------------


Cnine log closed after 51.046562 seconds.
----------------------------------------------------------------------

Cnine log opened on Wed Feb 26 11:12:51 2025

Cnine log opened on Wed Feb 26 11:12:51 2025


Cnine log closed after 24.063866 seconds.
----------------------------------------------------------------------


Cnine log closed after 24.066182 seconds.
----------------------------------------------------------------------

Cnine log opened on Wed Feb 26 12:08:51 2025

Cnine log opened on Wed Feb 26 12:08:51 2025

Cnine log opened on Wed Feb 26 12:09:16 2025

Cnine log opened on Wed Feb 26 12:09:17 2025

Cnine log opened on Wed Feb 26 12:13:09 2025

Cnine log opened on Wed Feb 26 12:13:09 2025

Cnine log opened on Wed Feb 26 12:15:42 2025

Cnine log opened on Wed Feb 26 12:15:42 2025

Cnine log opened on Wed Feb 26 12:20:40 2025

Cnine log opened on Wed Feb 26 12:20:40 2025

Cnine log opened on Wed Feb 26 12:22:42 2025

Cnine log opened on Wed Feb 26 12:22:42 2025

Cnine log opened on Wed Feb 26 12:24:30 2025

Cnine log opened on Wed Feb 26 12:24:30 2025

Cnine log opened on Wed Feb 26 12:25:06 2025

Cnine log opened on Wed Feb 26 12:25:06 2025


Cnine log closed after 1.711913 seconds.
----------------------------------------------------------------------


Cnine log closed after 1.713703 seconds.
----------------------------------------------------------------------

Cnine log opened on Wed Feb 26 12:25:18 2025

Cnine log opened on Wed Feb 26 12:25:18 2025


Cnine log closed after 1.772092 seconds.
----------------------------------------------------------------------


Cnine log closed after 1.774000 seconds.
----------------------------------------------------------------------

Cnine log opened on Wed Feb 26 12:25:37 2025

Cnine log opened on Wed Feb 26 12:25:37 2025


Cnine log closed after 1.173183 seconds.
----------------------------------------------------------------------


Cnine log closed after 1.175067 seconds.
----------------------------------------------------------------------

Cnine log opened on Wed Feb 26 12:26:44 2025

Cnine log opened on Wed Feb 26 12:26:44 2025


Cnine log closed after 1.140368 seconds.
----------------------------------------------------------------------


Cnine log closed after 1.142135 seconds.
----------------------------------------------------------------------

Cnine log opened on Wed Feb 26 12:28:32 2025

Cnine log opened on Wed Feb 26 12:28:32 2025


Cnine log closed after 1.136737 seconds.
----------------------------------------------------------------------


Cnine log closed after 1.138756 seconds.
----------------------------------------------------------------------

Cnine log opened on Wed Feb 26 12:28:52 2025

Cnine log opened on Wed Feb 26 12:28:52 2025


Cnine log closed after 11.863789 seconds.
----------------------------------------------------------------------


Cnine log closed after 11.865614 seconds.
----------------------------------------------------------------------

Cnine log opened on Wed Feb 26 12:29:18 2025

Cnine log opened on Wed Feb 26 12:29:18 2025


Cnine log closed after 15.419384 seconds.
----------------------------------------------------------------------


Cnine log closed after 15.421524 seconds.
----------------------------------------------------------------------

Cnine log opened on Wed Feb 26 12:29:44 2025

Cnine log opened on Wed Feb 26 12:29:44 2025


Cnine log closed after 7.257403 seconds.
----------------------------------------------------------------------


Cnine log closed after 7.259369 seconds.
----------------------------------------------------------------------

Cnine log opened on Wed Feb 26 12:30:09 2025

Cnine log opened on Wed Feb 26 12:30:09 2025


Cnine log closed after 59.899386 seconds.
----------------------------------------------------------------------


Cnine log closed after 59.901333 seconds.
----------------------------------------------------------------------

Cnine log opened on Wed Feb 26 12:31:13 2025

Cnine log opened on Wed Feb 26 12:31:13 2025

Cnine log opened on Wed Feb 26 13:09:09 2025

Cnine log opened on Wed Feb 26 13:09:10 2025

Cnine log opened on Wed Feb 26 13:10:54 2025

Cnine log opened on Wed Feb 26 13:10:55 2025

Cnine log opened on Wed Feb 26 13:12:31 2025

Cnine log opened on Wed Feb 26 13:12:31 2025

Cnine log opened on Wed Feb 26 13:13:30 2025

Cnine log opened on Wed Feb 26 13:13:31 2025

Cnine log opened on Wed Feb 26 13:15:06 2025

Cnine log opened on Wed Feb 26 13:15:07 2025

Cnine log opened on Wed Feb 26 13:16:52 2025

Cnine log opened on Wed Feb 26 13:16:53 2025

Cnine log opened on Wed Feb 26 13:18:21 2025

Cnine log opened on Wed Feb 26 13:18:22 2025

Cnine log opened on Wed Feb 26 13:20:02 2025

Cnine log opened on Wed Feb 26 13:20:03 2025

Cnine log opened on Wed Feb 26 13:21:34 2025

Cnine log opened on Wed Feb 26 13:21:34 2025

Cnine log opened on Wed Feb 26 13:21:54 2025

Cnine log opened on Wed Feb 26 13:21:55 2025

Cnine log opened on Wed Feb 26 13:23:20 2025

Cnine log opened on Wed Feb 26 13:23:21 2025


Cnine log closed after 56.844069 seconds.
----------------------------------------------------------------------


Cnine log closed after 57.610448 seconds.
----------------------------------------------------------------------

Cnine log opened on Wed Feb 26 13:30:34 2025

Cnine log opened on Wed Feb 26 13:30:35 2025


Cnine log closed after 0.869726 seconds.
----------------------------------------------------------------------


Cnine log closed after 1.358884 seconds.
----------------------------------------------------------------------

Cnine log opened on Wed Feb 26 13:32:16 2025

Cnine log opened on Wed Feb 26 13:32:17 2025


Cnine log closed after 0.873602 seconds.
----------------------------------------------------------------------


Cnine log closed after 1.351393 seconds.
----------------------------------------------------------------------

Cnine log opened on Wed Feb 26 13:32:58 2025

Cnine log opened on Wed Feb 26 13:32:58 2025


Cnine log closed after 0.847834 seconds.
----------------------------------------------------------------------


Cnine log closed after 1.284374 seconds.
----------------------------------------------------------------------

Cnine log opened on Wed Feb 26 13:35:05 2025

Cnine log opened on Wed Feb 26 13:35:05 2025

Cnine log opened on Wed Feb 26 13:39:30 2025

Cnine log opened on Wed Feb 26 13:39:30 2025


Cnine log closed after 0.858472 seconds.
----------------------------------------------------------------------


Cnine log closed after 1.239109 seconds.
----------------------------------------------------------------------

Cnine log opened on Wed Feb 26 13:47:40 2025

Cnine log opened on Wed Feb 26 13:47:41 2025


Cnine log closed after 0.933755 seconds.
----------------------------------------------------------------------


Cnine log closed after 1.348636 seconds.
----------------------------------------------------------------------

Cnine log opened on Wed Feb 26 13:49:36 2025

Cnine log opened on Wed Feb 26 13:49:36 2025


Cnine log closed after 0.868851 seconds.
----------------------------------------------------------------------


Cnine log closed after 1.246404 seconds.
----------------------------------------------------------------------

Cnine log opened on Wed Feb 26 14:07:19 2025


Cnine log closed after 0.304496 seconds.
----------------------------------------------------------------------

Cnine log opened on Wed Feb 26 14:08:05 2025


Cnine log closed after 0.333511 seconds.
----------------------------------------------------------------------

Cnine log opened on Wed Feb 26 14:08:52 2025


Cnine log closed after 0.323571 seconds.
----------------------------------------------------------------------

Cnine log opened on Wed Feb 26 14:09:36 2025

Cnine log opened on Wed Feb 26 14:09:36 2025


Cnine log closed after 0.797711 seconds.
----------------------------------------------------------------------


Cnine log closed after 1.299862 seconds.
----------------------------------------------------------------------

Cnine log opened on Wed Feb 26 14:09:47 2025

Cnine log opened on Wed Feb 26 14:09:47 2025


Cnine log closed after 1.045587 seconds.
----------------------------------------------------------------------


Cnine log closed after 1.472878 seconds.
----------------------------------------------------------------------

Cnine log opened on Wed Feb 26 14:10:09 2025

Cnine log opened on Wed Feb 26 14:10:10 2025


Cnine log closed after 0.947992 seconds.
----------------------------------------------------------------------


Cnine log closed after 1.400735 seconds.
----------------------------------------------------------------------

Cnine log opened on Wed Feb 26 14:11:42 2025

Cnine log opened on Wed Feb 26 14:11:43 2025


Cnine log closed after 2.322724 seconds.
----------------------------------------------------------------------


Cnine log closed after 3.624097 seconds.
----------------------------------------------------------------------

Cnine log opened on Wed Feb 26 14:12:09 2025

Cnine log opened on Wed Feb 26 14:12:10 2025


Cnine log closed after 1.643523 seconds.
----------------------------------------------------------------------


Cnine log closed after 2.126134 seconds.
----------------------------------------------------------------------

Cnine log opened on Wed Feb 26 14:18:19 2025

Cnine log opened on Wed Feb 26 14:18:19 2025


Cnine log closed after 42.498147 seconds.
----------------------------------------------------------------------


Cnine log closed after 42.500470 seconds.
----------------------------------------------------------------------

Cnine log opened on Wed Feb 26 14:19:17 2025

Cnine log opened on Wed Feb 26 14:19:18 2025


Cnine log closed after 1.005561 seconds.
----------------------------------------------------------------------


Cnine log closed after 1.483779 seconds.
----------------------------------------------------------------------

Cnine log opened on Wed Feb 26 14:19:52 2025

Cnine log opened on Wed Feb 26 14:19:52 2025

Cnine log opened on Wed Feb 26 14:20:27 2025

Cnine log opened on Wed Feb 26 14:20:27 2025

Cnine log opened on Wed Feb 26 14:25:33 2025

Cnine log opened on Wed Feb 26 14:25:33 2025


Cnine log closed after 0.973329 seconds.
----------------------------------------------------------------------


Cnine log closed after 1.447492 seconds.
----------------------------------------------------------------------

Cnine log opened on Wed Feb 26 14:26:09 2025

Cnine log opened on Wed Feb 26 14:26:10 2025


Cnine log closed after 20.483283 seconds.
----------------------------------------------------------------------


Cnine log closed after 20.933605 seconds.
----------------------------------------------------------------------

